<?xml version="1.0" encoding="UTF-8"?>
<!-- Generated by org.testng.reporters.JUnitXMLReporter -->
<testsuite hostname="SCS-R37" ignored="0" name="Test on chrome" tests="6" failures="0" timestamp="26 Apr 2020 07:33:13 GMT" time="38.685" errors="0">
  <testcase name="Tc_01" time="6.722" classname="TestNG_Concept.ParallelExecutions"/>
  <testcase name="Tc_02" time="2.511" classname="TestNG_Concept.ParallelExecutions"/>
  <testcase name="Tc_01" time="5.358" classname="TestNG_Concept.ParallelExecutions"/>
  <testcase name="Tc_02" time="2.705" classname="TestNG_Concept.ParallelExecutions"/>
  <testcase name="Tc_03" time="2.644" classname="TestNG_Concept.Test02"/>
  <testcase name="Tc_04" time="3.228" classname="TestNG_Concept.Test02"/>
</testsuite> <!-- Test on chrome -->
