<?xml version="1.0" encoding="UTF-8"?>
<testng-results skipped="0" failed="0" ignored="0" total="0" passed="0">
  <reporter-output>
  </reporter-output>
  <suite name="Suite1" duration-ms="16794" started-at="2020-06-06T17:36:09Z" finished-at="2020-06-06T17:36:26Z">
    <groups>
    </groups>
    <test name="Default test" duration-ms="16794" started-at="2020-06-06T17:36:09Z" finished-at="2020-06-06T17:36:26Z">
      <class name="ParallelTestExecutionForClassTestsMethods.ParallelTestExecution">
        <test-method status="PASS" signature="getBrowser(java.lang.String)[pri:0, instance:ParallelTestExecutionForClassTestsMethods.ParallelTestExecution@685cb137]" name="getBrowser" is-config="true" duration-ms="16789" started-at="2020-06-06T17:36:09Z" finished-at="2020-06-06T17:36:26Z">
          <params>
            <param index="0">
              <value>
                <![CDATA[browser1]]>
              </value>
            </param>
          </params>
          <reporter-output>
          </reporter-output>
        </test-method> <!-- getBrowser -->
      </class> <!-- ParallelTestExecutionForClassTestsMethods.ParallelTestExecution -->
    </test> <!-- Default test -->
  </suite> <!-- Suite1 -->
</testng-results>
